<?xml version="1.0" encoding="UTF-8"?>
<!-- Generated by org.testng.reporters.JUnitReportReporter -->
<testsuite skipped="1" hostname="l4wbfkv1.wsgc.com" name="runner.TestRunner" tests="1" failures="0" timestamp="18 Nov 2021 16:05:18 GMT" time="0.000" errors="0">
  <testcase name="runScenario" time="0.000" classname="runner.TestRunner">
    <skipped/>
  </testcase> <!-- runScenario -->
</testsuite> <!-- runner.TestRunner -->
